c:\users\halo2\documents\fsm-sdl\debug\vc142.pdb
c:\users\halo2\documents\fsm-sdl\debug\vc142.idb
c:\users\halo2\documents\fsm-sdl\debug\main.obj
c:\users\halo2\documents\fsm-sdl\debug\game.obj
c:\users\halo2\documents\fsm-sdl\debug\playerfsm.obj
c:\users\halo2\documents\fsm-sdl\debug\player.obj
c:\users\halo2\documents\fsm-sdl\debug\jumping.obj
c:\users\halo2\documents\fsm-sdl\debug\input.obj
c:\users\halo2\documents\fsm-sdl\debug\idle.obj
c:\users\halo2\documents\fsm-sdl\debug\climbing.obj
c:\users\halo2\documents\fsm-sdl\debug\animatedsprite.obj
c:\users\halo2\documents\fsm-sdl\debug\fsm-sdl.exe
c:\users\halo2\documents\fsm-sdl\debug\fsm-sdl.ilk
c:\users\halo2\documents\fsm-sdl\debug\fsm-sdl.pdb
c:\users\halo2\documents\fsm-sdl\debug\fsm-sdl.tlog\cl.command.1.tlog
c:\users\halo2\documents\fsm-sdl\debug\fsm-sdl.tlog\cl.read.1.tlog
c:\users\halo2\documents\fsm-sdl\debug\fsm-sdl.tlog\cl.write.1.tlog
c:\users\halo2\documents\fsm-sdl\debug\fsm-sdl.tlog\link.13360-cvtres.read.1.tlog
c:\users\halo2\documents\fsm-sdl\debug\fsm-sdl.tlog\link.13360-cvtres.write.1.tlog
c:\users\halo2\documents\fsm-sdl\debug\fsm-sdl.tlog\link.13360-rc.read.1.tlog
c:\users\halo2\documents\fsm-sdl\debug\fsm-sdl.tlog\link.13360-rc.write.1.tlog
c:\users\halo2\documents\fsm-sdl\debug\fsm-sdl.tlog\link.13360.read.1.tlog
c:\users\halo2\documents\fsm-sdl\debug\fsm-sdl.tlog\link.13360.write.1.tlog
c:\users\halo2\documents\fsm-sdl\debug\fsm-sdl.tlog\link.command.1.tlog
c:\users\halo2\documents\fsm-sdl\debug\fsm-sdl.tlog\link.read.1.tlog
c:\users\halo2\documents\fsm-sdl\debug\fsm-sdl.tlog\link.write.1.tlog
